0 info it worked if it ends with ok
1 verbose cli [ '/usr/local/node/bin/node',
1 verbose cli   '/usr/local/node/bin/npm',
1 verbose cli   'run',
1 verbose cli   'e2e' ]
2 info using npm@1.4.28
3 info using node@v0.10.32
4 verbose run-script [ 'pree2e', 'e2e', 'poste2e' ]
5 info pree2e evernode2@2.0.0
6 info e2e evernode2@2.0.0
7 verbose unsafe-perm in lifecycle true
8 info evernode2@2.0.0 Failed to exec e2e script
9 error evernode2@2.0.0 e2e: `make test-e2e`
9 error Exit status 2
10 error Failed at the evernode2@2.0.0 e2e script.
10 error This is most likely a problem with the evernode2 package,
10 error not with npm itself.
10 error Tell the author that this fails on your system:
10 error     make test-e2e
10 error You can get their info via:
10 error     npm owner ls evernode2
10 error There is likely additional logging output above.
11 error System Darwin 14.0.0
12 error command "/usr/local/node/bin/node" "/usr/local/node/bin/npm" "run" "e2e"
13 error cwd /Users/Melanie/Documents/Code/evernode2
14 error node -v v0.10.32
15 error npm -v 1.4.28
16 error code ELIFECYCLE
17 verbose exit [ 1, true ]
